<?xml version="1.0" encoding="UTF-8"?>
<!-- Generated by org.testng.reporters.JUnitXMLReporter -->
<testsuite ignored="0" hostname="JIS-NB" failures="0" tests="5" name="Surefire test" time="46.949" errors="0" timestamp="2020-04-21T00:16:23 MSK">
  <testcase classname="moex.tests.SeleniumPage1Test" name="a_homepage_Title_Check_Test" time="3.757"/>
  <testcase classname="moex.tests.SeleniumPage1Test" name="c_required_Text_Displayed_With_Invalid_Keyword" time="3.176"/>
  <testcase classname="moex.tests.SeleniumPage2Test" name="a_homepage_Title_Check_Test" time="1.745"/>
  <testcase classname="moex.tests.SeleniumPage2Test" name="b_results_Displayed_With_Valid_Keyword" time="3.128"/>
  <testcase classname="moex.tests.SeleniumPage2Test" name="c_required_Text_Displayed_With_Invalid_Keyword" time="2.686"/>
</testsuite> <!-- Surefire test -->
