<?xml version="1.0" encoding="UTF-8"?>
<!-- Generated by org.testng.reporters.JUnitXMLReporter -->
<testsuite ignored="0" hostname="JIS-NB" failures="0" tests="5" name="Surefire test" time="41.864" errors="0" timestamp="2020-04-21T00:52:50 MSK">
  <testcase classname="selenium.tests.SeleniumPage1Test" name="a_homepage_Title_Check_Test" time="1.619"/>
  <testcase classname="selenium.tests.SeleniumPage1Test" name="c_required_Text_Displayed_With_Invalid_Keyword" time="3.227"/>
  <testcase classname="selenium.tests.SeleniumPage2Test" name="a_homepage_Title_Check_Test" time="1.448"/>
  <testcase classname="selenium.tests.SeleniumPage2Test" name="b_results_Displayed_With_Valid_Keyword" time="2.644"/>
  <testcase classname="selenium.tests.SeleniumPage2Test" name="c_required_Text_Displayed_With_Invalid_Keyword" time="2.39"/>
</testsuite> <!-- Surefire test -->
