<?xml version="1.0" encoding="UTF-8"?>
<testsuite xmlns:xsi="http://www.w3.org/2001/XMLSchema-instance" xsi:noNamespaceSchemaLocation="https://maven.apache.org/surefire/maven-surefire-plugin/xsd/surefire-test-report.xsd" name="TestSuite" time="48.377" tests="5" errors="0" skipped="0" failures="0">
  <properties>
[...]
</properties>
  <testcase name="a_homepage_Title_Check_Test" classname="moex.tests.SeleniumPage1Test" time="3.761"/>
  <testcase name="c_required_Text_Displayed_With_Invalid_Keyword" classname="moex.tests.SeleniumPage1Test" time="3.176"/>
  <testcase name="a_homepage_Title_Check_Test" classname="moex.tests.SeleniumPage2Test" time="1.745"/>
  <testcase name="b_results_Displayed_With_Valid_Keyword" classname="moex.tests.SeleniumPage2Test" time="3.128"/>
  <testcase name="c_required_Text_Displayed_With_Invalid_Keyword" classname="moex.tests.SeleniumPage2Test" time="2.687"/>
</testsuite>