<?xml version="1.0" encoding="UTF-8"?>
<testng-results ignored="0" total="5" passed="5" failed="0" skipped="0">
  <reporter-output>
  </reporter-output>
  <suite started-at="2020-04-21T00:15:36 MSK" name="Surefire suite" finished-at="2020-04-21T00:16:23 MSK" duration-ms="46949">
    <groups>
    </groups>
    <test started-at="2020-04-21T00:15:36 MSK" name="Surefire test" finished-at="2020-04-21T00:16:23 MSK" duration-ms="46949">
      <class name="moex.tests.SeleniumPage2Test">
        <test-method is-config="true" signature="before()[pri:0, instance:moex.tests.SeleniumPage2Test@aa21042]" started-at="2020-04-21T00:15:56 MSK" name="before" finished-at="2020-04-21T00:16:02 MSK" duration-ms="5330" status="PASS">
          <reporter-output>
          </reporter-output>
        </test-method> <!-- before -->
        <test-method signature="a_homepage_Title_Check_Test()[pri:0, instance:moex.tests.SeleniumPage2Test@aa21042]" started-at="2020-04-21T00:16:02 MSK" name="a_homepage_Title_Check_Test" finished-at="2020-04-21T00:16:03 MSK" duration-ms="1745" status="PASS">
          <reporter-output>
          </reporter-output>
        </test-method> <!-- a_homepage_Title_Check_Test -->
        <test-method is-config="true" signature="init()[pri:0, instance:moex.tests.SeleniumPage2Test@aa21042]" started-at="2020-04-21T00:16:02 MSK" name="init" finished-at="2020-04-21T00:16:02 MSK" duration-ms="0" status="PASS">
          <reporter-output>
          </reporter-output>
        </test-method> <!-- init -->
        <test-method is-config="true" signature="after()[pri:0, instance:moex.tests.SeleniumPage2Test@aa21042]" started-at="2020-04-21T00:16:03 MSK" name="after" finished-at="2020-04-21T00:16:04 MSK" duration-ms="679" status="PASS">
          <reporter-output>
          </reporter-output>
        </test-method> <!-- after -->
        <test-method is-config="true" signature="before()[pri:0, instance:moex.tests.SeleniumPage2Test@aa21042]" started-at="2020-04-21T00:16:04 MSK" name="before" finished-at="2020-04-21T00:16:09 MSK" duration-ms="5310" status="PASS">
          <reporter-output>
          </reporter-output>
        </test-method> <!-- before -->
        <test-method is-config="true" signature="init()[pri:0, instance:moex.tests.SeleniumPage2Test@aa21042]" started-at="2020-04-21T00:16:09 MSK" name="init" finished-at="2020-04-21T00:16:09 MSK" duration-ms="0" status="PASS">
          <reporter-output>
          </reporter-output>
        </test-method> <!-- init -->
        <test-method signature="b_results_Displayed_With_Valid_Keyword()[pri:0, instance:moex.tests.SeleniumPage2Test@aa21042]" started-at="2020-04-21T00:16:09 MSK" name="b_results_Displayed_With_Valid_Keyword" finished-at="2020-04-21T00:16:13 MSK" duration-ms="3128" status="PASS">
          <reporter-output>
          </reporter-output>
        </test-method> <!-- b_results_Displayed_With_Valid_Keyword -->
        <test-method is-config="true" signature="after()[pri:0, instance:moex.tests.SeleniumPage2Test@aa21042]" started-at="2020-04-21T00:16:13 MSK" name="after" finished-at="2020-04-21T00:16:14 MSK" duration-ms="1511" status="PASS">
          <reporter-output>
          </reporter-output>
        </test-method> <!-- after -->
        <test-method is-config="true" signature="before()[pri:0, instance:moex.tests.SeleniumPage2Test@aa21042]" started-at="2020-04-21T00:16:14 MSK" name="before" finished-at="2020-04-21T00:16:20 MSK" duration-ms="5374" status="PASS">
          <reporter-output>
          </reporter-output>
        </test-method> <!-- before -->
        <test-method is-config="true" signature="init()[pri:0, instance:moex.tests.SeleniumPage2Test@aa21042]" started-at="2020-04-21T00:16:20 MSK" name="init" finished-at="2020-04-21T00:16:20 MSK" duration-ms="0" status="PASS">
          <reporter-output>
          </reporter-output>
        </test-method> <!-- init -->
        <test-method signature="c_required_Text_Displayed_With_Invalid_Keyword()[pri:0, instance:moex.tests.SeleniumPage2Test@aa21042]" started-at="2020-04-21T00:16:20 MSK" name="c_required_Text_Displayed_With_Invalid_Keyword" finished-at="2020-04-21T00:16:22 MSK" duration-ms="2686" status="PASS">
          <reporter-output>
          </reporter-output>
        </test-method> <!-- c_required_Text_Displayed_With_Invalid_Keyword -->
        <test-method is-config="true" signature="after()[pri:0, instance:moex.tests.SeleniumPage2Test@aa21042]" started-at="2020-04-21T00:16:22 MSK" name="after" finished-at="2020-04-21T00:16:23 MSK" duration-ms="686" status="PASS">
          <reporter-output>
          </reporter-output>
        </test-method> <!-- after -->
      </class> <!-- moex.tests.SeleniumPage2Test -->
      <class name="moex.tests.SeleniumPage1Test">
        <test-method is-config="true" signature="before()[pri:0, instance:moex.tests.SeleniumPage1Test@4d6f623d]" started-at="2020-04-21T00:15:36 MSK" name="before" finished-at="2020-04-21T00:15:42 MSK" duration-ms="6337" status="PASS">
          <reporter-output>
          </reporter-output>
        </test-method> <!-- before -->
        <test-method is-config="true" signature="init()[pri:0, instance:moex.tests.SeleniumPage1Test@4d6f623d]" started-at="2020-04-21T00:15:43 MSK" name="init" finished-at="2020-04-21T00:15:43 MSK" duration-ms="22" status="PASS">
          <reporter-output>
          </reporter-output>
        </test-method> <!-- init -->
        <test-method signature="a_homepage_Title_Check_Test()[pri:0, instance:moex.tests.SeleniumPage1Test@4d6f623d]" started-at="2020-04-21T00:15:43 MSK" name="a_homepage_Title_Check_Test" finished-at="2020-04-21T00:15:46 MSK" duration-ms="3757" status="PASS">
          <reporter-output>
          </reporter-output>
        </test-method> <!-- a_homepage_Title_Check_Test -->
        <test-method is-config="true" signature="after()[pri:0, instance:moex.tests.SeleniumPage1Test@4d6f623d]" started-at="2020-04-21T00:15:46 MSK" name="after" finished-at="2020-04-21T00:15:47 MSK" duration-ms="736" status="PASS">
          <reporter-output>
          </reporter-output>
        </test-method> <!-- after -->
        <test-method is-config="true" signature="before()[pri:0, instance:moex.tests.SeleniumPage1Test@4d6f623d]" started-at="2020-04-21T00:15:47 MSK" name="before" finished-at="2020-04-21T00:15:52 MSK" duration-ms="5350" status="PASS">
          <reporter-output>
          </reporter-output>
        </test-method> <!-- before -->
        <test-method is-config="true" signature="init()[pri:0, instance:moex.tests.SeleniumPage1Test@4d6f623d]" started-at="2020-04-21T00:15:52 MSK" name="init" finished-at="2020-04-21T00:15:52 MSK" duration-ms="1" status="PASS">
          <reporter-output>
          </reporter-output>
        </test-method> <!-- init -->
        <test-method signature="c_required_Text_Displayed_With_Invalid_Keyword()[pri:0, instance:moex.tests.SeleniumPage1Test@4d6f623d]" started-at="2020-04-21T00:15:52 MSK" name="c_required_Text_Displayed_With_Invalid_Keyword" finished-at="2020-04-21T00:15:56 MSK" duration-ms="3176" status="PASS">
          <reporter-output>
          </reporter-output>
        </test-method> <!-- c_required_Text_Displayed_With_Invalid_Keyword -->
        <test-method is-config="true" signature="after()[pri:0, instance:moex.tests.SeleniumPage1Test@4d6f623d]" started-at="2020-04-21T00:15:56 MSK" name="after" finished-at="2020-04-21T00:15:56 MSK" duration-ms="748" status="PASS">
          <reporter-output>
          </reporter-output>
        </test-method> <!-- after -->
      </class> <!-- moex.tests.SeleniumPage1Test -->
    </test> <!-- Surefire test -->
  </suite> <!-- Surefire suite -->
</testng-results>
