<?xml version="1.0" encoding="UTF-8"?>
<testng-results ignored="0" total="5" passed="5" failed="0" skipped="0">
  <reporter-output>
  </reporter-output>
  <suite started-at="2020-04-21T00:52:08 MSK" name="Surefire suite" finished-at="2020-04-21T00:52:50 MSK" duration-ms="41864">
    <groups>
    </groups>
    <test started-at="2020-04-21T00:52:08 MSK" name="Surefire test" finished-at="2020-04-21T00:52:50 MSK" duration-ms="41864">
      <class name="selenium.tests.SeleniumPage2Test">
        <test-method is-config="true" signature="before()[pri:0, instance:selenium.tests.SeleniumPage2Test@5e0e82ae]" started-at="2020-04-21T00:52:25 MSK" name="before" finished-at="2020-04-21T00:52:31 MSK" duration-ms="5228" status="PASS">
          <reporter-output>
          </reporter-output>
        </test-method> <!-- before -->
        <test-method signature="a_homepage_Title_Check_Test()[pri:0, instance:selenium.tests.SeleniumPage2Test@5e0e82ae]" started-at="2020-04-21T00:52:31 MSK" name="a_homepage_Title_Check_Test" finished-at="2020-04-21T00:52:32 MSK" duration-ms="1448" status="PASS">
          <reporter-output>
          </reporter-output>
        </test-method> <!-- a_homepage_Title_Check_Test -->
        <test-method is-config="true" signature="init()[pri:0, instance:selenium.tests.SeleniumPage2Test@5e0e82ae]" started-at="2020-04-21T00:52:31 MSK" name="init" finished-at="2020-04-21T00:52:31 MSK" duration-ms="0" status="PASS">
          <reporter-output>
          </reporter-output>
        </test-method> <!-- init -->
        <test-method is-config="true" signature="after()[pri:0, instance:selenium.tests.SeleniumPage2Test@5e0e82ae]" started-at="2020-04-21T00:52:32 MSK" name="after" finished-at="2020-04-21T00:52:33 MSK" duration-ms="701" status="PASS">
          <reporter-output>
          </reporter-output>
        </test-method> <!-- after -->
        <test-method is-config="true" signature="before()[pri:0, instance:selenium.tests.SeleniumPage2Test@5e0e82ae]" started-at="2020-04-21T00:52:33 MSK" name="before" finished-at="2020-04-21T00:52:38 MSK" duration-ms="5318" status="PASS">
          <reporter-output>
          </reporter-output>
        </test-method> <!-- before -->
        <test-method signature="b_results_Displayed_With_Valid_Keyword()[pri:0, instance:selenium.tests.SeleniumPage2Test@5e0e82ae]" started-at="2020-04-21T00:52:38 MSK" name="b_results_Displayed_With_Valid_Keyword" finished-at="2020-04-21T00:52:41 MSK" duration-ms="2644" status="PASS">
          <reporter-output>
          </reporter-output>
        </test-method> <!-- b_results_Displayed_With_Valid_Keyword -->
        <test-method is-config="true" signature="init()[pri:0, instance:selenium.tests.SeleniumPage2Test@5e0e82ae]" started-at="2020-04-21T00:52:38 MSK" name="init" finished-at="2020-04-21T00:52:38 MSK" duration-ms="0" status="PASS">
          <reporter-output>
          </reporter-output>
        </test-method> <!-- init -->
        <test-method is-config="true" signature="after()[pri:0, instance:selenium.tests.SeleniumPage2Test@5e0e82ae]" started-at="2020-04-21T00:52:41 MSK" name="after" finished-at="2020-04-21T00:52:42 MSK" duration-ms="750" status="PASS">
          <reporter-output>
          </reporter-output>
        </test-method> <!-- after -->
        <test-method is-config="true" signature="before()[pri:0, instance:selenium.tests.SeleniumPage2Test@5e0e82ae]" started-at="2020-04-21T00:52:42 MSK" name="before" finished-at="2020-04-21T00:52:47 MSK" duration-ms="5291" status="PASS">
          <reporter-output>
          </reporter-output>
        </test-method> <!-- before -->
        <test-method signature="c_required_Text_Displayed_With_Invalid_Keyword()[pri:0, instance:selenium.tests.SeleniumPage2Test@5e0e82ae]" started-at="2020-04-21T00:52:47 MSK" name="c_required_Text_Displayed_With_Invalid_Keyword" finished-at="2020-04-21T00:52:49 MSK" duration-ms="2390" status="PASS">
          <reporter-output>
          </reporter-output>
        </test-method> <!-- c_required_Text_Displayed_With_Invalid_Keyword -->
        <test-method is-config="true" signature="init()[pri:0, instance:selenium.tests.SeleniumPage2Test@5e0e82ae]" started-at="2020-04-21T00:52:47 MSK" name="init" finished-at="2020-04-21T00:52:47 MSK" duration-ms="0" status="PASS">
          <reporter-output>
          </reporter-output>
        </test-method> <!-- init -->
        <test-method is-config="true" signature="after()[pri:0, instance:selenium.tests.SeleniumPage2Test@5e0e82ae]" started-at="2020-04-21T00:52:49 MSK" name="after" finished-at="2020-04-21T00:52:50 MSK" duration-ms="689" status="PASS">
          <reporter-output>
          </reporter-output>
        </test-method> <!-- after -->
      </class> <!-- selenium.tests.SeleniumPage2Test -->
      <class name="selenium.tests.SeleniumPage1Test">
        <test-method is-config="true" signature="before()[pri:0, instance:selenium.tests.SeleniumPage1Test@30c15d8b]" started-at="2020-04-21T00:52:08 MSK" name="before" finished-at="2020-04-21T00:52:14 MSK" duration-ms="5825" status="PASS">
          <reporter-output>
          </reporter-output>
        </test-method> <!-- before -->
        <test-method is-config="true" signature="init()[pri:0, instance:selenium.tests.SeleniumPage1Test@30c15d8b]" started-at="2020-04-21T00:52:14 MSK" name="init" finished-at="2020-04-21T00:52:14 MSK" duration-ms="34" status="PASS">
          <reporter-output>
          </reporter-output>
        </test-method> <!-- init -->
        <test-method signature="a_homepage_Title_Check_Test()[pri:0, instance:selenium.tests.SeleniumPage1Test@30c15d8b]" started-at="2020-04-21T00:52:14 MSK" name="a_homepage_Title_Check_Test" finished-at="2020-04-21T00:52:16 MSK" duration-ms="1619" status="PASS">
          <reporter-output>
          </reporter-output>
        </test-method> <!-- a_homepage_Title_Check_Test -->
        <test-method is-config="true" signature="after()[pri:0, instance:selenium.tests.SeleniumPage1Test@30c15d8b]" started-at="2020-04-21T00:52:16 MSK" name="after" finished-at="2020-04-21T00:52:16 MSK" duration-ms="679" status="PASS">
          <reporter-output>
          </reporter-output>
        </test-method> <!-- after -->
        <test-method is-config="true" signature="before()[pri:0, instance:selenium.tests.SeleniumPage1Test@30c15d8b]" started-at="2020-04-21T00:52:16 MSK" name="before" finished-at="2020-04-21T00:52:22 MSK" duration-ms="5262" status="PASS">
          <reporter-output>
          </reporter-output>
        </test-method> <!-- before -->
        <test-method is-config="true" signature="init()[pri:0, instance:selenium.tests.SeleniumPage1Test@30c15d8b]" started-at="2020-04-21T00:52:22 MSK" name="init" finished-at="2020-04-21T00:52:22 MSK" duration-ms="1" status="PASS">
          <reporter-output>
          </reporter-output>
        </test-method> <!-- init -->
        <test-method signature="c_required_Text_Displayed_With_Invalid_Keyword()[pri:0, instance:selenium.tests.SeleniumPage1Test@30c15d8b]" started-at="2020-04-21T00:52:22 MSK" name="c_required_Text_Displayed_With_Invalid_Keyword" finished-at="2020-04-21T00:52:25 MSK" duration-ms="3227" status="PASS">
          <reporter-output>
          </reporter-output>
        </test-method> <!-- c_required_Text_Displayed_With_Invalid_Keyword -->
        <test-method is-config="true" signature="after()[pri:0, instance:selenium.tests.SeleniumPage1Test@30c15d8b]" started-at="2020-04-21T00:52:25 MSK" name="after" finished-at="2020-04-21T00:52:25 MSK" duration-ms="730" status="PASS">
          <reporter-output>
          </reporter-output>
        </test-method> <!-- after -->
      </class> <!-- selenium.tests.SeleniumPage1Test -->
    </test> <!-- Surefire test -->
  </suite> <!-- Surefire suite -->
</testng-results>
